Start testing: Nov 08 16:22 MSK
----------------------------------------------------------
1/1 Testing: unit
1/1 Test: unit
Command: "/home/sergey/Рабочий стол/work/oop_exercise_03/bin/unit_tests"
Directory: /home/sergey/Рабочий стол/work/oop_exercise_03/gtests
"unit" start time: Nov 08 16:22 MSK
Output:
----------------------------------------------------------
Running main() from /home/sergey/Рабочий стол/work/oop_exercise_03/googletest-src/googletest/src/gtest_main.cc
[==========] Running 2 tests from 2 test suites.
[----------] Global test environment set-up.
[----------] 1 test from Rectangle
[ RUN      ] Rectangle.getSquare
[       OK ] Rectangle.getSquare (0 ms)
[----------] 1 test from Rectangle (0 ms total)

[----------] 1 test from Trapeze
[ RUN      ] Trapeze.getSquare
[       OK ] Trapeze.getSquare (0 ms)
[----------] 1 test from Trapeze (0 ms total)

[----------] Global test environment tear-down
[==========] 2 tests from 2 test suites ran. (0 ms total)
[  PASSED  ] 2 tests.
<end of output>
Test time =   0.01 sec
----------------------------------------------------------
Test Passed.
"unit" end time: Nov 08 16:22 MSK
"unit" time elapsed: 00:00:00
----------------------------------------------------------

End testing: Nov 08 16:22 MSK
